Streaming transaction logs mentioning GSdyp7DuFmYee68aQpMavtJTyuxNYj8JX3xZn3nkYzos. Confirmed commitment
Transaction executed in slot 8:
  Signature: 5nPi4kSHNF1DFbRXd78GTLyny9FCXArzsALyYD2PUjv4gBdSfoaPw8xHFerWr89imJ2qrSSCf8hajDziWjhxDgKe
  Status: Ok
  Log Messages:
    Program GSdyp7DuFmYee68aQpMavtJTyuxNYj8JX3xZn3nkYzos invoke [1]
    Program log: Instruction: Create
    Program 11111111111111111111111111111111 invoke [2]
    Program 11111111111111111111111111111111 success
    Program GSdyp7DuFmYee68aQpMavtJTyuxNYj8JX3xZn3nkYzos consumed 7405 of 200000 compute units
    Program GSdyp7DuFmYee68aQpMavtJTyuxNYj8JX3xZn3nkYzos success
Transaction executed in slot 9:
  Signature: 3z5ZWfxDWdxGrBJemqq12d3RaMY8V7BLtKR39TFkrs1fvgSjTdfB3fVC3ey8FstnrmQs38jtSq8j1j8ez13C8Wwn
  Status: Ok
  Log Messages:
    Program GSdyp7DuFmYee68aQpMavtJTyuxNYj8JX3xZn3nkYzos invoke [1]
    Program log: Instruction: Add
    Program GSdyp7DuFmYee68aQpMavtJTyuxNYj8JX3xZn3nkYzos consumed 2251 of 200000 compute units
    Program GSdyp7DuFmYee68aQpMavtJTyuxNYj8JX3xZn3nkYzos success
Transaction executed in slot 10:
  Signature: 2ZTRBZkoubcC8UpUwuQfm8BqcXE6iyJcFwuFXv5cbZ18adACWWTHhNDyiu8tqpDwZD2cPuGoJE4MeTWHDVHsEVqE
  Status: Ok
  Log Messages:
    Program GSdyp7DuFmYee68aQpMavtJTyuxNYj8JX3xZn3nkYzos invoke [1]
    Program log: Instruction: Subtract
    Program GSdyp7DuFmYee68aQpMavtJTyuxNYj8JX3xZn3nkYzos consumed 2247 of 200000 compute units
    Program GSdyp7DuFmYee68aQpMavtJTyuxNYj8JX3xZn3nkYzos success
Transaction executed in slot 11:
  Signature: 5rja5EDkZxhvPcYNdbFXraCBXJjgMVyCKDuoF3rnjYA2Y2PWw5JYNauxy12ngwxK3D9KsHyiE56cD3576u1qnijs
  Status: Ok
  Log Messages:
    Program GSdyp7DuFmYee68aQpMavtJTyuxNYj8JX3xZn3nkYzos invoke [1]
    Program log: Instruction: Multiply
    Program GSdyp7DuFmYee68aQpMavtJTyuxNYj8JX3xZn3nkYzos consumed 2293 of 200000 compute units
    Program GSdyp7DuFmYee68aQpMavtJTyuxNYj8JX3xZn3nkYzos success
Transaction executed in slot 12:
  Signature: 5w5mjeUJVf8HjfADNNAW33iPvXtwgkazPhYZFWgCT6hqdHLb41B5GWdY4iNjUovZGwSn4K96mgXT72iqHFnYe6m9
  Status: Ok
  Log Messages:
    Program GSdyp7DuFmYee68aQpMavtJTyuxNYj8JX3xZn3nkYzos invoke [1]
    Program log: Instruction: Divide
    Program GSdyp7DuFmYee68aQpMavtJTyuxNYj8JX3xZn3nkYzos consumed 2275 of 200000 compute units
    Program GSdyp7DuFmYee68aQpMavtJTyuxNYj8JX3xZn3nkYzos success
Transaction executed in slot 13:
  Signature: 266bzxQDn6tkJsz3hn9yivL7nXE7KL9PR7uA6nckwX9PN3fcRki6n6jsu74rEP8CCw6DfEJ17WgmpWaksgWeYCws
  Status: Ok
  Log Messages:
    Program GSdyp7DuFmYee68aQpMavtJTyuxNYj8JX3xZn3nkYzos invoke [1]
    Program log: Instruction: Modulo
    Program GSdyp7DuFmYee68aQpMavtJTyuxNYj8JX3xZn3nkYzos consumed 2284 of 200000 compute units
    Program GSdyp7DuFmYee68aQpMavtJTyuxNYj8JX3xZn3nkYzos success
